Using pre-set license
Built from '2020.3/staging' branch; Version is '2020.3.4f1 (0abb6314276a) revision 703331'; Using compiler version '192528614'; Build Type 'Release'
OS: 'Windows 10 Pro; OS build 19045.4170; Version 2009; 64bit' Language: 'ru' Physical Memory: 16313 MB
BatchMode: 1, IsHumanControllingUs: 0, StartBugReporterOnCrash: 0, Is64bit: 1, IsPro: 0

 COMMAND LINE ARGUMENTS:
C:\Program Files\Unity\Hub\Editor\2020.3.4f1\Editor\Unity.exe
-adb2
-batchMode
-noUpm
-name
AssetImportWorker0
-projectPath
D:/GitHub/ClonesRepositories/Ps1Game/Ps1GameHorror
-logFile
Logs/AssetImportWorker0.log
-srvPort
64737
Successfully changed project path to: D:/GitHub/ClonesRepositories/Ps1Game/Ps1GameHorror
D:/GitHub/ClonesRepositories/Ps1Game/Ps1GameHorror
Using Asset Import Pipeline V2.
Refreshing native plugins compatible for Editor in 37.67 ms, found 0 plugins.
Preloading 0 native plugins for Editor in 0.00 ms.
Initialize engine version: 2020.3.4f1 (0abb6314276a)
[Subsystems] Discovering subsystems at path C:/Program Files/Unity/Hub/Editor/2020.3.4f1/Editor/Data/Resources/UnitySubsystems
[Subsystems] Discovering subsystems at path D:/GitHub/ClonesRepositories/Ps1Game/Ps1GameHorror/Assets
GfxDevice: creating device client; threaded=0
Direct3D:
    Version:  Direct3D 11.0 [level 11.1]
    Renderer: NVIDIA GeForce RTX 2060 (ID=0x1f08)
    Vendor:   
    VRAM:     5968 MB
    Driver:   31.0.15.3623
Initialize mono
Mono path[0] = 'C:/Program Files/Unity/Hub/Editor/2020.3.4f1/Editor/Data/Managed'
Mono path[1] = 'C:/Program Files/Unity/Hub/Editor/2020.3.4f1/Editor/Data/MonoBleedingEdge/lib/mono/unityjit'
Mono config path = 'C:/Program Files/Unity/Hub/Editor/2020.3.4f1/Editor/Data/MonoBleedingEdge/etc'
Using monoOptions --debugger-agent=transport=dt_socket,embedding=1,server=y,suspend=n,address=127.0.0.1:56212
Begin MonoManager ReloadAssembly
Registering precompiled unity dll's ...
Register platform support module: C:/Program Files/Unity/Hub/Editor/2020.3.4f1/Editor/Data/PlaybackEngines/WebGLSupport/UnityEditor.WebGL.Extensions.dll
Register platform support module: C:/Program Files/Unity/Hub/Editor/2020.3.4f1/Editor/Data/PlaybackEngines/MacStandaloneSupport/UnityEditor.OSXStandalone.Extensions.dll
Register platform support module: C:/Program Files/Unity/Hub/Editor/2020.3.4f1/Editor/Data/PlaybackEngines/WindowsStandaloneSupport/UnityEditor.WindowsStandalone.Extensions.dll
Register platform support module: C:/Program Files/Unity/Hub/Editor/2020.3.4f1/Editor/Data/PlaybackEngines/LinuxStandaloneSupport/UnityEditor.LinuxStandalone.Extensions.dll
Registered in 0.010353 seconds.
Native extension for LinuxStandalone target not found
Native extension for WindowsStandalone target not found
Native extension for OSXStandalone target not found
Native extension for WebGL target not found
Refreshing native plugins compatible for Editor in 36.38 ms, found 0 plugins.
Preloading 0 native plugins for Editor in 0.00 ms.
Mono: successfully reloaded assembly
- Completed reload, in  4.321 seconds
Platform modules already initialized, skipping
Registering precompiled user dll's ...
Registered in 0.001056 seconds.
Begin MonoManager ReloadAssembly
Native extension for LinuxStandalone target not found
Native extension for WindowsStandalone target not found
Native extension for OSXStandalone target not found
Native extension for WebGL target not found
Refreshing native plugins compatible for Editor in 0.32 ms, found 0 plugins.
Preloading 0 native plugins for Editor in 0.00 ms.
Mono: successfully reloaded assembly
- Completed reload, in  1.402 seconds
Platform modules already initialized, skipping
========================================================================
Worker process is ready to serve import requests
Launched and connected shader compiler UnityShaderCompiler.exe after 0.05 seconds
Refreshing native plugins compatible for Editor in 0.34 ms, found 0 plugins.
Preloading 0 native plugins for Editor in 0.00 ms.
Unloading 1117 Unused Serialized files (Serialized files now loaded: 0)
System memory in use before: 56.9 MB.
System memory in use after: 57.0 MB.

Unloading 9 unused Assets to reduce memory usage. Loaded Objects now: 1560.
Total: 2.376500 ms (FindLiveObjects: 0.280900 ms CreateObjectMapping: 0.065300 ms MarkObjects: 1.952200 ms  DeleteObjects: 0.076300 ms)

========================================================================
Received Import Request.
  path: Assets/Scenes 1
  artifactKey: Guid(3810623b5a119de4cb7dd2d39cdf7c41) Importer(815301076,1909f56bfc062723c751e8b465ee728b)
Start importing Assets/Scenes 1 using Guid(3810623b5a119de4cb7dd2d39cdf7c41) Importer(815301076,1909f56bfc062723c751e8b465ee728b)  -> (artifact id: '05abd97127918ac4af739e91921f06c9') in 0.013484 seconds
  Import took 0.016153 seconds .

========================================================================
Received Import Request.
  Time since last request: 0.000245 seconds.
  path: Assets/Scenes 1/SampleScene.unity
  artifactKey: Guid(6358bd0fda1b3484a87edf4a7146c476) Importer(815301076,1909f56bfc062723c751e8b465ee728b)
Start importing Assets/Scenes 1/SampleScene.unity using Guid(6358bd0fda1b3484a87edf4a7146c476) Importer(815301076,1909f56bfc062723c751e8b465ee728b)  -> (artifact id: 'df9510e04e7e5a8eb5a86d185d1e4ccf') in 0.021244 seconds
  Import took 0.023516 seconds .

========================================================================
Received Prepare
Registering precompiled user dll's ...
Registered in 0.001262 seconds.
Begin MonoManager ReloadAssembly
Native extension for LinuxStandalone target not found
Native extension for WindowsStandalone target not found
Native extension for OSXStandalone target not found
Native extension for WebGL target not found
Refreshing native plugins compatible for Editor in 0.44 ms, found 0 plugins.
Preloading 0 native plugins for Editor in 0.00 ms.
Mono: successfully reloaded assembly
- Completed reload, in  1.427 seconds
Platform modules already initialized, skipping
Refreshing native plugins compatible for Editor in 0.43 ms, found 0 plugins.
Preloading 0 native plugins for Editor in 0.00 ms.
Unloading 1472 Unused Serialized files (Serialized files now loaded: 0)
System memory in use before: 71.6 MB.
System memory in use after: 69.6 MB.

Unloading 27 unused Assets to reduce memory usage. Loaded Objects now: 1902.
Total: 4.578400 ms (FindLiveObjects: 0.291100 ms CreateObjectMapping: 0.088500 ms MarkObjects: 2.340800 ms  DeleteObjects: 1.856200 ms)

========================================================================
Received Import Request.
  Time since last request: 116.555047 seconds.
  path: Assets/Scenes
  artifactKey: Guid(1782fc1f5317efe489eef372fe64cdf8) Importer(815301076,1909f56bfc062723c751e8b465ee728b)
Start importing Assets/Scenes using Guid(1782fc1f5317efe489eef372fe64cdf8) Importer(815301076,1909f56bfc062723c751e8b465ee728b)  -> (artifact id: '9c77044a25597045cdab186b04d94284') in 0.013062 seconds
  Import took 0.016286 seconds .

========================================================================
Received Import Request.
  Time since last request: 8.691168 seconds.
  path: Assets/Scenes
  artifactKey: Guid(3810623b5a119de4cb7dd2d39cdf7c41) Importer(815301076,1909f56bfc062723c751e8b465ee728b)
Start importing Assets/Scenes using Guid(3810623b5a119de4cb7dd2d39cdf7c41) Importer(815301076,1909f56bfc062723c751e8b465ee728b)  -> (artifact id: '3a43be668de12f07e8bf42800adecfe1') in 0.008711 seconds
  Import took 0.012137 seconds .

========================================================================
Received Prepare
Registering precompiled user dll's ...
Registered in 0.001280 seconds.
Begin MonoManager ReloadAssembly
Native extension for LinuxStandalone target not found
Native extension for WindowsStandalone target not found
Native extension for OSXStandalone target not found
Native extension for WebGL target not found
Refreshing native plugins compatible for Editor in 0.41 ms, found 0 plugins.
Preloading 0 native plugins for Editor in 0.00 ms.
Mono: successfully reloaded assembly
- Completed reload, in  1.408 seconds
Platform modules already initialized, skipping
Refreshing native plugins compatible for Editor in 0.43 ms, found 0 plugins.
Preloading 0 native plugins for Editor in 0.00 ms.
Unloading 1471 Unused Serialized files (Serialized files now loaded: 0)
System memory in use before: 71.6 MB.
System memory in use after: 69.6 MB.

Unloading 27 unused Assets to reduce memory usage. Loaded Objects now: 1905.
Total: 4.077500 ms (FindLiveObjects: 0.182200 ms CreateObjectMapping: 0.074600 ms MarkObjects: 1.869100 ms  DeleteObjects: 1.950000 ms)

AssetImportWorkerClient::OnTransportError - code=2 error=End of file
